   Compiling cfg-if v1.0.4
   Compiling windows-link v0.2.1
   Compiling pin-project-lite v0.2.16
   Compiling smallvec v1.15.1
   Compiling memchr v2.8.0
   Compiling scopeguard v1.2.0
   Compiling bytes v1.11.1
   Compiling futures-core v0.3.31
   Compiling windows-sys v0.61.2
   Compiling log v0.4.29
   Compiling once_cell v1.21.3
   Compiling windows_x86_64_msvc v0.53.1
   Compiling parking_lot_core v0.9.12
   Compiling lock_api v0.4.14
   Compiling futures-sink v0.3.31
   Compiling windows-targets v0.53.5
   Compiling serde_core v1.0.228
   Compiling windows-sys v0.60.2
   Compiling itoa v1.0.17
   Compiling parking_lot v0.12.5
   Compiling futures-channel v0.3.31
   Compiling pin-utils v0.1.0
   Compiling futures-task v0.3.31
   Compiling futures-io v0.3.31
   Compiling slab v0.4.12
   Compiling futures-util v0.3.31
   Compiling windows_x86_64_msvc v0.52.6
   Compiling windows-targets v0.52.6
   Compiling zerofrom v0.1.6
   Compiling stable_deref_trait v1.2.1
   Compiling bitflags v2.11.0
   Compiling yoke v0.8.1
   Compiling socket2 v0.6.2
   Compiling zerovec v0.11.5
   Compiling tracing-core v0.1.36
   Compiling zerocopy v0.8.39
   Compiling winapi v0.3.9
   Compiling tracing v0.1.44
   Compiling serde v1.0.228
   Compiling tinystr v0.8.2
   Compiling percent-encoding v2.3.2
   Compiling litemap v0.8.1
   Compiling writeable v0.6.2
   Compiling potential_utf v0.1.4
   Compiling icu_locale_core v2.1.1
   Compiling httparse v1.10.1
   Compiling zerotrie v0.2.3
   Compiling fnv v1.0.7
   Compiling icu_collections v2.1.1
   Compiling icu_normalizer_data v2.1.1
   Compiling icu_properties_data v2.1.2
   Compiling icu_provider v2.1.1
   Compiling try-lock v0.2.5
   Compiling ryu v1.0.23
   Compiling tower-service v0.3.3
   Compiling windows-link v0.1.3
   Compiling icu_properties v2.1.2
   Compiling icu_normalizer v2.1.1
   Compiling want v0.3.1
   Compiling crossbeam-utils v0.8.21
   Compiling http v0.2.12
   Compiling http v1.4.0
   Compiling equivalent v1.0.2
   Compiling hashbrown v0.16.1
   Compiling idna_adapter v1.2.1
   Compiling ppv-lite86 v0.2.21
   Compiling http-body v1.0.1
   Compiling zmij v1.0.21
   Compiling indexmap v2.13.0
   Compiling typenum v1.19.0
   Compiling futures-executor v0.3.31
   Compiling form_urlencoded v1.2.2
   Compiling aho-corasick v1.1.4
   Compiling mio v1.1.1
   Compiling schannel v0.1.28
   Compiling regex-syntax v0.8.9
   Compiling utf8_iter v1.0.4
   Compiling tokio v1.49.0
   Compiling base64 v0.22.1
   Compiling mime v0.3.17
   Compiling native-tls v0.2.16
   Compiling idna v1.1.0
   Compiling getrandom v0.3.4
   Compiling generic-array v0.14.7
   Compiling futures v0.3.31
   Compiling serde_json v1.0.149
   Compiling regex-automata v0.4.14
   Compiling windows-strings v0.4.2
   Compiling windows-result v0.3.4
   Compiling windows-sys v0.59.0
   Compiling windows-sys v0.52.0
   Compiling windows-core v0.61.2
   Compiling socket2 v0.5.10
   Compiling regex v1.12.3
   Compiling ahash v0.8.12
   Compiling url v2.5.8
   Compiling rand_core v0.9.5
   Compiling tokio-util v0.7.18
   Compiling tokio-native-tls v0.3.1
   Compiling libc v0.2.180
   Compiling getrandom v0.4.1
   Compiling serde_urlencoded v0.7.1
   Compiling local-waker v0.1.4
   Compiling h2 v0.3.27
   Compiling allocator-api2 v0.2.21
   Compiling atomic-waker v1.1.2
   Compiling ipnet v2.11.0
   Compiling alloc-no-stdlib v2.0.4
   Compiling httpdate v1.0.3
   Compiling alloc-stdlib v0.2.2
   Compiling hyper v1.8.1
   Compiling hashbrown v0.14.5
   Compiling actix-rt v2.11.0
   Compiling uuid v1.21.0
   Compiling rand_chacha v0.9.0
   Compiling block-buffer v0.10.4
   Compiling crypto-common v0.1.7
   Compiling zstd-sys v2.0.16+zstd.1.5.7
   Compiling windows-result v0.1.2
   Compiling sync_wrapper v1.0.2
   Compiling adler2 v2.0.1
   Compiling simd-adler32 v0.3.8
   Compiling tower-layer v0.3.3
   Compiling powerfmt v0.2.0
   Compiling unicase v2.9.0
   Compiling deranged v0.5.6
   Compiling mime_guess v2.0.5
   Compiling tower v0.5.3
   Compiling miniz_oxide v0.8.9
   Compiling thiserror v2.0.18
   Compiling zstd-safe v7.2.4
   Compiling digest v0.10.7
   Compiling rand v0.9.2
   Compiling num-traits v0.2.19
   Compiling hyper-util v0.1.20
   Compiling windows_x86_64_msvc v0.48.5
   Compiling crc32fast v1.5.0
   Compiling brotli-decompressor v5.0.0
   Compiling actix-utils v3.0.1
   Compiling http-body-util v0.1.3
   Compiling crossbeam-channel v0.5.15
   Compiling windows-threading v0.1.0
   Compiling bytestring v1.5.0
   Compiling actix-service v2.0.3
   Compiling encoding_rs v0.8.35
   Compiling siphasher v1.0.2
   Compiling cpufeatures v0.2.17
   Compiling iri-string v0.7.10
   Compiling either v1.15.0
   Compiling num-conv v0.2.0
   Compiling time-core v0.1.8
   Compiling zeroize v1.8.2
   Compiling rustls-pki-types v1.14.0
   Compiling tower-http v0.6.8
   Compiling time v0.3.47
   Compiling phf_shared v0.11.3
   Compiling sha1 v0.10.6
   Compiling thiserror v1.0.69
   Compiling brotli v8.0.2
   Compiling hyper-tls v0.6.0
   Compiling windows-future v0.2.1
   Compiling derive_more v2.1.1
   Compiling flate2 v1.1.9
   Compiling windows-targets v0.48.5
   Compiling chrono v0.4.43
   Compiling psm v0.1.30
   Compiling zstd v0.13.3
   Compiling erasable v1.3.0
   Compiling windows_x86_64_msvc v0.42.2
   Compiling local-channel v0.1.5
   Compiling tokio-stream v0.1.18
   Compiling actix-codec v0.5.2
   Compiling windows-numerics v0.2.0
   Compiling windows-collections v0.2.0
   Compiling errno v0.3.14
   Compiling http-body v0.4.6
   Compiling dirs-sys v0.3.7
   Compiling serialport v4.7.3
   Compiling getrandom v0.2.17
   Compiling once_cell_polyfill v1.70.2
   Compiling anstyle v1.0.13
   Compiling regex-lite v0.1.9
   Compiling hashbrown v0.12.3
   Compiling foldhash v0.1.5
   Compiling linked-hash-map v0.5.6
   Compiling minimal-lexical v0.2.1
   Compiling bytemuck v1.25.0
   Compiling language-tags v0.3.2
   Compiling unicode-segmentation v1.12.0
   Compiling bitflags v1.3.2
   Compiling utf8parse v0.2.2
   Compiling nom v7.1.3
   Compiling anstyle-parse v0.2.7
   Compiling keyboard-types v0.6.2
   Compiling actix-http v3.11.2
   Compiling rgb v0.8.52
   Compiling yaml-rust v0.4.5
   Compiling indexmap v1.9.3
   Compiling actix-router v0.5.3
   Compiling anstyle-wincon v3.0.11
   Compiling mio-serial v5.0.6
   Compiling rand_core v0.6.4
   Compiling windows-core v0.57.0
   Compiling pin-project v1.1.10
   Compiling hyper v0.14.32
   Compiling dirs v4.0.0
   Compiling derive_more v1.0.0
   Compiling windows v0.61.3
   Compiling rustix v0.38.44
   Compiling windows-sys v0.42.0
   Compiling rc-box v1.3.0
   Compiling stacker v0.1.23
   Compiling serde_with v3.16.1
   Compiling windows-sys v0.48.0
   Compiling cookie v0.16.2
   Compiling reqwest v0.12.28
   Compiling phf v0.11.3
   Compiling actix-server v2.6.0
   Compiling dashmap v6.1.0
   Compiling anstyle-query v1.1.5
   Compiling home v0.5.12
   Compiling colored v3.1.1
   Compiling serde_bytes v0.11.19
   Compiling base64 v0.21.7
   Compiling is_terminal_polyfill v1.70.2
   Compiling static_assertions v1.1.0
   Compiling colorchoice v1.0.4
   Compiling impl-more v0.1.9
   Compiling take_mut v0.2.2
   Compiling takecell v0.1.1
   Compiling teloxide-core v0.13.0
   Compiling actix-web v4.12.1
   Compiling anstream v0.6.21
   Compiling rustls-pemfile v1.0.4
   Compiling btleplug v0.11.8
   Compiling actix v0.13.5
   Compiling winreg v0.50.0
   Compiling dptree v0.5.1
   Compiling which v4.4.2
   Compiling terminfo v0.8.0
   Compiling libsqlite3-sys v0.27.0
   Compiling hyper-tls v0.5.0
   Compiling muda v0.1.1
   Compiling windows v0.57.0
   Compiling prost v0.14.3
   Compiling rand_chacha v0.3.1
   Compiling tokio-serial v5.4.5
   Compiling serde_yaml v0.8.26
   Compiling windows-core v0.54.0
   Compiling hashlink v0.8.4
   Compiling env_filter v1.0.0
   Compiling crossterm_winapi v0.9.1
   Compiling raw-cpuid v11.6.0
   Compiling sync_wrapper v0.1.2
   Compiling match_cfg v0.1.0
   Compiling unsafe-libyaml v0.2.11
   Compiling lazy_static v1.5.0
   Compiling jiff v0.2.20
   Compiling fallible-iterator v0.3.0
   Compiling fallible-streaming-iterator v0.1.9
   Compiling rusqlite v0.30.0
   Compiling colored v2.2.0
   Compiling quanta v0.12.6
   Compiling ble-peripheral-rust v0.2.0
   Compiling serde_yaml v0.9.34+deprecated
   Compiling hostname v0.3.1
   Compiling reqwest v0.11.27
   Compiling windows v0.54.0
   Compiling env_logger v0.11.9
   Compiling teloxide v0.17.0
   Compiling crossterm v0.27.0
   Compiling anyhow v1.0.101
   Compiling mac_conditions v1.0.0
   Compiling rand v0.8.5
   Compiling meshtastic v0.1.8
   Compiling clearscreen v2.0.1
   Compiling tray-icon v0.1.1
   Compiling actix-web-actors v4.3.1+deprecated
   Compiling ctrlc v3.5.2
   Compiling winbluetooth v0.1.0
   Compiling btsnoop_parser v1.0.0
   Compiling urlencoding v2.1.3
   Compiling hex v0.4.3
   Compiling dotenv v0.15.0
   Compiling humantime v2.3.0
   Compiling only-bt-scan v0.1.0 (C:\projekty\only-bt-scan)
error[E0425]: cannot find type `Arc` in this scope
   --> src\device_events.rs:181:22
    |
181 |     _event_listener: Arc<DeviceEventListener>,
    |                      ^^^ not found in this scope
    |
help: consider importing one of these structs
    |
  1 + use crate::Arc;
    |
  1 + use std::sync::Arc;
    |

error[E0433]: failed to resolve: use of undeclared type `BluetoothScanner`
   --> src\native_scanner.rs:152:23
    |
152 |         let scanner = BluetoothScanner::new(self.config.clone());
    |                       ^^^^^^^^^^^^^^^^ use of undeclared type `BluetoothScanner`
    |
help: consider importing this struct through its public re-export
    |
  1 + use crate::BluetoothScanner;
    |

error[E0425]: cannot find type `GlobalPacketTracker` in this scope
  --> src\scanner_integration.rs:15:25
   |
15 |     pub packet_tracker: GlobalPacketTracker,
   |                         ^^^^^^^^^^^^^^^^^^^ not found in this scope
   |
help: consider importing this struct
   |
 1 + use crate::packet_tracker::GlobalPacketTracker;
   |

error[E0425]: cannot find type `TelemetryCollector` in this scope
  --> src\scanner_integration.rs:16:30
   |
16 |     pub telemetry_collector: TelemetryCollector,
   |                              ^^^^^^^^^^^^^^^^^^ not found in this scope
   |
help: consider importing this struct
   |
 1 + use crate::telemetry::TelemetryCollector;
   |

error[E0425]: cannot find type `RawPacketModel` in this scope
  --> src\scanner_integration.rs:17:32
   |
17 |     pub last_scan_packets: Vec<RawPacketModel>,
   |                                ^^^^^^^^^^^^^^ not found in this scope
   |
help: consider importing this struct
   |
 1 + use crate::data_models::RawPacketModel;
   |

error[E0433]: failed to resolve: use of undeclared type `GlobalPacketTracker`
  --> src\scanner_integration.rs:27:29
   |
27 |             packet_tracker: GlobalPacketTracker::new(),
   |                             ^^^^^^^^^^^^^^^^^^^ use of undeclared type `GlobalPacketTracker`
   |
help: consider importing this struct
   |
 1 + use crate::packet_tracker::GlobalPacketTracker;
   |

error[E0433]: failed to resolve: use of undeclared type `TelemetryCollector`
  --> src\scanner_integration.rs:28:34
   |
28 |             telemetry_collector: TelemetryCollector::new(),
   |                                  ^^^^^^^^^^^^^^^^^^ use of undeclared type `TelemetryCollector`
   |
help: consider importing this struct
   |
 1 + use crate::telemetry::TelemetryCollector;
   |

error[E0425]: cannot find type `BluetoothDevice` in this scope
  --> src\scanner_integration.rs:41:57
   |
41 |     pub fn process_scan_results(&mut self, devices: Vec<BluetoothDevice>) {
   |                                                         ^^^^^^^^^^^^^^^ not found in this scope
   |
help: consider importing this struct
   |
 1 + use crate::bluetooth_scanner::BluetoothDevice;
   |

error[E0433]: failed to resolve: use of undeclared type `PacketAddResult`
  --> src\scanner_integration.rs:69:20
   |
69 |             if let PacketAddResult::Accepted {
   |                    ^^^^^^^^^^^^^^^ use of undeclared type `PacketAddResult`
   |
help: consider importing this enum
   |
 1 + use crate::packet_tracker::PacketAddResult;
   |

error[E0433]: failed to resolve: use of undeclared type `PacketAddResult`
  --> src\scanner_integration.rs:87:20
   |
87 |             if let PacketAddResult::Accepted { .. } = &result {
   |                    ^^^^^^^^^^^^^^^ use of undeclared type `PacketAddResult`
   |
help: consider importing this enum
   |
 1 + use crate::packet_tracker::PacketAddResult;
   |

error[E0433]: failed to resolve: use of undeclared type `PacketAddResult`
  --> src\scanner_integration.rs:97:20
   |
97 |             if let PacketAddResult::Accepted { .. } = &result {
   |                    ^^^^^^^^^^^^^^^ use of undeclared type `PacketAddResult`
   |
help: consider importing this enum
   |
 1 + use crate::packet_tracker::PacketAddResult;
   |

error[E0433]: failed to resolve: use of undeclared type `PacketAddResult`
   --> src\scanner_integration.rs:104:17
    |
104 |                 PacketAddResult::Accepted { packet_id, .. } => {
    |                 ^^^^^^^^^^^^^^^ use of undeclared type `PacketAddResult`
    |
help: consider importing this enum
    |
  1 + use crate::packet_tracker::PacketAddResult;
    |

error[E0433]: failed to resolve: use of undeclared type `PacketAddResult`
   --> src\scanner_integration.rs:111:17
    |
111 |                 PacketAddResult::Rejected { reason, .. } => {
    |                 ^^^^^^^^^^^^^^^ use of undeclared type `PacketAddResult`
    |
help: consider importing this enum
    |
  1 + use crate::packet_tracker::PacketAddResult;
    |

error[E0425]: cannot find type `RawPacketModel` in this scope
   --> src\scanner_integration.rs:127:46
    |
127 |     pub fn get_last_scan_packets(&self) -> &[RawPacketModel] {
    |                                              ^^^^^^^^^^^^^^ not found in this scope
    |
help: consider importing this struct
    |
  1 + use crate::data_models::RawPacketModel;
    |

error[E0425]: cannot find type `BluetoothDevice` in this scope
   --> src\scanner_integration.rs:224:43
    |
224 | fn create_raw_packet_from_device(device: &BluetoothDevice, packet_id: u64) -> RawPacketModel {
    |                                           ^^^^^^^^^^^^^^^ not found in this scope
    |
help: consider importing this struct
    |
  1 + use crate::bluetooth_scanner::BluetoothDevice;
    |

error[E0425]: cannot find type `RawPacketModel` in this scope
   --> src\scanner_integration.rs:224:79
    |
224 | fn create_raw_packet_from_device(device: &BluetoothDevice, packet_id: u64) -> RawPacketModel {
    |                                                                               ^^^^^^^^^^^^^^ not found in this scope
    |
help: consider importing this struct
    |
  1 + use crate::data_models::RawPacketModel;
    |

error[E0433]: failed to resolve: use of undeclared type `Utc`
   --> src\scanner_integration.rs:226:21
    |
226 |     let timestamp = Utc::now();
    |                     ^^^ use of undeclared type `Utc`
    |
    = note: struct `crate::raw_sniffer::windows_sniffer::Utc` exists but is inaccessible
help: consider importing this struct
    |
  1 + use chrono::Utc;
    |

error[E0422]: cannot find struct, variant or union type `RawPacketModel` in this scope
   --> src\scanner_integration.rs:243:18
    |
243 |     let packet = RawPacketModel {
    |                  ^^^^^^^^^^^^^^ not found in this scope
    |
help: consider importing this struct
    |
  1 + use crate::data_models::RawPacketModel;
    |

warning: unused import: `HciPcapPacket`
 --> src\web_server.rs:4:28
  |
4 | use crate::pcap_exporter::{HciPcapPacket, PcapExporter};
  |                            ^^^^^^^^^^^^^
  |
  = note: `#[warn(unused_imports)]` (part of `#[warn(unused)]`) on by default

error[E0063]: missing field `address_type` in initializer of `RawPacketModel`
  --> src\passive_scanner.rs:97:9
   |
97 |         RawPacketModel {
   |         ^^^^^^^^^^^^^^ missing `address_type`

error[E0282]: type annotations needed
   --> src\scanner_integration.rs:159:37
    |
159 |             device_sequences.insert(mac.clone(), tracker.packet_sequence.len());
    |                                     ^^^ cannot infer type

error[E0282]: type annotations needed
   --> src\scanner_integration.rs:231:40
    |
231 |         let total_len: usize = 1 + 2 + data.len();
    |                                        ^^^^ cannot infer type

Some errors have detailed explanations: E0063, E0282, E0422, E0425, E0433.
For more information about an error, try `rustc --explain E0063`.
warning: `only-bt-scan` (lib) generated 1 warning
error: could not compile `only-bt-scan` (lib) due to 21 previous errors; 1 warning emitted

